<?xml version="1.0" encoding="UTF-8"?>
<testsuite xmlns:xsi="http://www.w3.org/2001/XMLSchema-instance" xsi:noNamespaceSchemaLocation="https://maven.apache.org/surefire/maven-surefire-plugin/xsd/surefire-test-report-3.0.xsd" version="3.0" name="com.ecosense.CalculadoraAmbientalTest" time="0.045" tests="7" errors="0" skipped="0" failures="0">
  <properties>
[...]
</properties>
  <testcase name="testCalcularPegadaCarbonoCarro" classname="com.ecosense.CalculadoraAmbientalTest" time="0.022"/>
  <testcase name="testCalcularPegadaCarbonoEletrico" classname="com.ecosense.CalculadoraAmbientalTest" time="0.0"/>
  <testcase name="testAvaliarEficienciaConsumoInvalido" classname="com.ecosense.CalculadoraAmbientalTest" time="0.001"/>
  <testcase name="testCalcularPegadaCarbonoInvalido" classname="com.ecosense.CalculadoraAmbientalTest" time="0.001"/>
  <testcase name="testCalcularPegadaCarbonoOnibus" classname="com.ecosense.CalculadoraAmbientalTest" time="0.0"/>
  <testcase name="testCalcularPegadaCarbonoNegativo" classname="com.ecosense.CalculadoraAmbientalTest" time="0.001"/>
  <testcase name="testSugerirAcaoAmbiental" classname="com.ecosense.CalculadoraAmbientalTest" time="0.002"/>
</testsuite>